0 info it worked if it ends with ok
1 verbose cli [ 'C:\\Program Files\\nodejs\\\\node.exe',
1 verbose cli   'C:\\Program Files\\nodejs\\node_modules\\npm\\bin\\npm-cli.js',
1 verbose cli   'version',
1 verbose cli   '0.1.0' ]
2 info using npm@1.4.28
3 info using node@v0.10.34
4 verbose node symlink C:\Program Files\nodejs\\node.exe
5 error Error: Git working directory not clean.
5 error M buildfromxml.js
5 error M excerpt.js
5 error M indexer.js
5 error M search.js
5 error M test/simpletokenizer-test.js
5 error M tokenizers.js
5 error     at C:\Program Files\nodejs\node_modules\npm\lib\version.js:91:33
5 error     at ChildProcess.exithandler (child_process.js:656:7)
5 error     at ChildProcess.emit (events.js:98:17)
5 error     at maybeClose (child_process.js:766:16)
5 error     at Process.ChildProcess._handle.onexit (child_process.js:833:5)
6 error If you need help, you may report this *entire* log,
6 error including the npm and node versions, at:
6 error     <http://github.com/npm/npm/issues>
7 error System Windows_NT 6.2.9200
8 error command "C:\\Program Files\\nodejs\\\\node.exe" "C:\\Program Files\\nodejs\\node_modules\\npm\\bin\\npm-cli.js" "version" "0.1.0"
9 error cwd c:\dev2014\node_modules\ksana-document
10 error node -v v0.10.34
11 error npm -v 1.4.28
12 verbose exit [ 1, true ]
